Removed Pin From Net: NetName=GND Pin=C5-2
Removed Pin From Net: NetName=+5V Pin=R1-1
Removed Pin From Net: NetName=NetLED1_1 Pin=R1-2
Removed Pin From Net: NetName=+5V Pin=U3-1
Removed Pin From Net: NetName=GND Pin=U3-10
Removed Pin From Net: NetName=R_Q7 Pin=U3-11
Removed Pin From Net: NetName=R_Q6 Pin=U3-12
Removed Pin From Net: NetName=R_Q5 Pin=U3-13
Removed Pin From Net: NetName=R_Q4 Pin=U3-14
Removed Pin From Net: NetName=R_Q3 Pin=U3-15
Removed Pin From Net: NetName=R_Q2 Pin=U3-16
Removed Pin From Net: NetName=R_Q1 Pin=U3-17
Removed Pin From Net: NetName=R_Q0 Pin=U3-18
Removed Pin From Net: NetName=GND Pin=U3-19
Removed Pin From Net: NetName=+5V Pin=U3-20
Removed Pin From Net: NetName=GND Pin=U4-1
Removed Pin From Net: NetName=+5V Pin=U4-3
Removed Pin From Net: NetName=+5V Pin=U6-1
Removed Pin From Net: NetName=GND Pin=U6-10
Removed Pin From Net: NetName=G_Q7 Pin=U6-11
Removed Pin From Net: NetName=G_Q6 Pin=U6-12
Removed Pin From Net: NetName=G_Q5 Pin=U6-13
Removed Pin From Net: NetName=G_Q4 Pin=U6-14
Removed Pin From Net: NetName=G_Q3 Pin=U6-15
Removed Pin From Net: NetName=G_Q2 Pin=U6-16
Removed Pin From Net: NetName=G_Q1 Pin=U6-17
Removed Pin From Net: NetName=G_Q0 Pin=U6-18
Removed Pin From Net: NetName=GND Pin=U6-19
Removed Pin From Net: NetName=+5V Pin=U6-20
Removed Pin From Net: NetName=+5V Pin=U8-1
Removed Pin From Net: NetName=GND Pin=U8-10
Removed Pin From Net: NetName=B_Q7 Pin=U8-11
Removed Pin From Net: NetName=B_Q6 Pin=U8-12
Removed Pin From Net: NetName=B_Q5 Pin=U8-13
Removed Pin From Net: NetName=B_Q4 Pin=U8-14
Removed Pin From Net: NetName=B_Q3 Pin=U8-15
Removed Pin From Net: NetName=B_Q2 Pin=U8-16
Removed Pin From Net: NetName=B_Q1 Pin=U8-17
Removed Pin From Net: NetName=B_Q0 Pin=U8-18
Removed Pin From Net: NetName=GND Pin=U8-19
Removed Pin From Net: NetName=+5V Pin=U8-20
Removed Member From Class: ClassName=Sheet1 Member=U5
Removed Member From Class: ClassName=Sheet1 Member=U6
Removed Member From Class: ClassName=Sheet1 Member=U7
Removed Member From Class: ClassName=Sheet1 Member=U8
Change Component Footprint: Designator=C5 Old Footprint=CP1/2 New Footprint=DO-35
Change Component Comment : Designator=C5 Old Comment=10uF New Comment=1N4148
Change Component Designator: OldDesignator=C5 NewDesignator=D1
Change Component Designator: OldDesignator=R1 NewDesignator=R3
Change Component Designator: OldDesignator=R2 NewDesignator=R1
Change Component Designator: OldDesignator=R3 NewDesignator=R2
Change Component Designator: OldDesignator=R10 NewDesignator=R12
Change Component Designator: OldDesignator=R11 NewDesignator=R13
Change Component Designator: OldDesignator=R12 NewDesignator=R10
Change Component Designator: OldDesignator=R13 NewDesignator=R11
Change Component Designator: OldDesignator=R16 NewDesignator=R18
Change Component Designator: OldDesignator=R17 NewDesignator=R19
Change Component Designator: OldDesignator=R18 NewDesignator=R16
Change Component Designator: OldDesignator=R19 NewDesignator=R17
Change Component Designator: OldDesignator=R24 NewDesignator=R26
Change Component Designator: OldDesignator=R25 NewDesignator=R27
Change Component Designator: OldDesignator=R26 NewDesignator=R24
Change Component Designator: OldDesignator=R27 NewDesignator=R25
Change Component Designator: OldDesignator=R30 NewDesignator=R32
Change Component Designator: OldDesignator=R31 NewDesignator=R33
Change Component Designator: OldDesignator=R32 NewDesignator=R30
Change Component Designator: OldDesignator=R33 NewDesignator=R31
Change Component Designator: OldDesignator=U5 NewDesignator=U3
Change Component Designator: OldDesignator=U7 NewDesignator=U4
Change component parameters: Designator = "C5" ("D1"); Footprint = "CP1/2"; UniqueID = "\PRECDBST" ("\PRECDBST")
Change component parameters (AddParameter): Name = "Part Number"; Value = "LED 3 ly Single Colour"; VariantName = "[No Variations]"
Change component parameters (AddParameter): Name = "Pricing"; Value = ""; VariantName = "[No Variations]"
Added Pin To Net: NetName=+5V Pin=D1-1
Added Pin To Net: NetName=NetLED1_1 Pin=R3-1
Added Pin To Net: NetName=+5V Pin=R3-2
Added Pin To Net: NetName=GND Pin=U1-2
Added Pin To Net: NetName=R_Q1 Pin=U2-1
Added Pin To Net: NetName=R_Q2 Pin=U2-2
Added Pin To Net: NetName=R_Q3 Pin=U2-3
Added Pin To Net: NetName=R_Q4 Pin=U2-4
Added Pin To Net: NetName=R_Q5 Pin=U2-5
Added Pin To Net: NetName=R_Q6 Pin=U2-6
Added Pin To Net: NetName=R_Q7 Pin=U2-7
Added Pin To Net: NetName=+5V Pin=U2-10
Added Pin To Net: NetName=R_Q0 Pin=U2-15
Added Pin To Net: NetName=G_Q1 Pin=U3-1
Added Pin To Net: NetName=G_Q2 Pin=U3-2
Added Pin To Net: NetName=G_Q3 Pin=U3-3
Added Pin To Net: NetName=G_Q4 Pin=U3-4
Added Pin To Net: NetName=G_Q5 Pin=U3-5
Added Pin To Net: NetName=G_Q6 Pin=U3-6
Added Pin To Net: NetName=G_Q7 Pin=U3-7
Added Pin To Net: NetName=+5V Pin=U3-10
Added Pin To Net: NetName=G_Q0 Pin=U3-15
Added Pin To Net: NetName=+5V Pin=U3-16
Added Pin To Net: NetName=B_Q1 Pin=U4-1
Added Pin To Net: NetName=B_Q2 Pin=U4-2
Added Pin To Net: NetName=B_Q3 Pin=U4-3
Added Pin To Net: NetName=B_Q4 Pin=U4-4
Added Pin To Net: NetName=B_Q5 Pin=U4-5
Added Pin To Net: NetName=B_Q6 Pin=U4-6
Added Pin To Net: NetName=B_Q7 Pin=U4-7
Added Pin To Net: NetName=+5V Pin=U4-10
Added Pin To Net: NetName=B_Q0 Pin=U4-15
Added Pin To Net: NetName=+5V Pin=U4-16
Added Pin To Net: NetName=NetD1_2 Pin=D1-2
Added Pin To Net: NetName=NetD1_2 Pin=U2-16
Added Net: Name=NetD1_2
Added Room: Name=Sheet1
