Added Component: Designator=C1(CP1.5/3.4)
Add component (AddParameter): Name = "Description 1"; Value = "2200uF-3300uF/6,3V - 1000uF-2200uF/10V"; VariantName = "[No Variations]"
Add component (AddParameter): Name = "Description 2"; Value = "1000uF/16V - 470uF => 1000uF/25V - 100uF/100V"; VariantName = "[No Variations]"
Add component (AddParameter): Name = "Description 3"; Value = "330uF>470uF/35V_220uF>470uF/50V_10uF>22uF/250V"; VariantName = "[No Variations]"
Add component (AddParameter): Name = "Description 4"; Value = "220uF => 330uF/63V - 10uF =>33uF/160 - 200V"; VariantName = "[No Variations]"
Add component (AddParameter): Name = "Description 5"; Value = "4,7uF>10uF/250V_3,3uF>10uF/400V - 2,2uF>4,7uF/450V"; VariantName = "[No Variations]"
Add component (AddParameter): Name = "Value"; Value = "1000uF/16V"; VariantName = "[No Variations]"
Added Component: Designator=C2(CP1.5/3.4)
Add component (AddParameter): Name = "Description 1"; Value = "2200uF-3300uF/6,3V - 1000uF-2200uF/10V"; VariantName = "[No Variations]"
Add component (AddParameter): Name = "Description 2"; Value = "1000uF/16V - 470uF => 1000uF/25V - 100uF/100V"; VariantName = "[No Variations]"
Add component (AddParameter): Name = "Description 3"; Value = "330uF>470uF/35V_220uF>470uF/50V_10uF>22uF/250V"; VariantName = "[No Variations]"
Add component (AddParameter): Name = "Description 4"; Value = "220uF => 330uF/63V - 10uF =>33uF/160 - 200V"; VariantName = "[No Variations]"
Add component (AddParameter): Name = "Description 5"; Value = "4,7uF>10uF/250V_3,3uF>10uF/400V - 2,2uF>4,7uF/450V"; VariantName = "[No Variations]"
Add component (AddParameter): Name = "Value"; Value = "1000uF/16V"; VariantName = "[No Variations]"
Added Component: Designator=C3(CN2)
Add component (AddParameter): Name = "Value"; Value = "0.1uF"; VariantName = "[No Variations]"
Added Component: Designator=C4(CN2)
Add component (AddParameter): Name = "Value"; Value = "0.1uF"; VariantName = "[No Variations]"
Added Component: Designator=C5(CP1/2)
Add component (AddParameter): Name = "Description 1"; Value = "10 => 220uF/6,3V/10V - 10uF => 100uF/16V"; VariantName = "[No Variations]"
Add component (AddParameter): Name = "Description 2"; Value = "0,1uF => 33uF/50V - 10uF => 22uF/63V"; VariantName = "[No Variations]"
Add component (AddParameter): Name = "Description 3"; Value = "0,47uF => 10uF/100V"; VariantName = "[No Variations]"
Add component (AddParameter): Name = "Value"; Value = "10uF/50V"; VariantName = "[No Variations]"
Added Component: Designator=JDC1(DC-IN)
Add component (AddParameter): Name = "Value"; Value = "Jac DC"; VariantName = "[No Variations]"
Added Component: Designator=KIT1(STM32F103C8T6 BLUE PILL DEVELOPMENT BOARD)
Added Component: Designator=LED1(LED-3)
Add component (AddParameter): Name = "Value"; Value = "LED 3 ly Single Colour"; VariantName = "[No Variations]"
Added Component: Designator=MT1(LED 8x8 RGB)
Added Component: Designator=Q1(QTO-92)
Add component (AddParameter): Name = "Value"; Value = "A1015"; VariantName = "[No Variations]"
Added Component: Designator=Q2(QTO-92)
Add component (AddParameter): Name = "Value"; Value = "A1015"; VariantName = "[No Variations]"
Added Component: Designator=Q3(QTO-92)
Add component (AddParameter): Name = "Value"; Value = "C1815"; VariantName = "[No Variations]"
Added Component: Designator=Q4(QTO-92)
Add component (AddParameter): Name = "Value"; Value = "C1815"; VariantName = "[No Variations]"
Added Component: Designator=Q5(QTO-92)
Add component (AddParameter): Name = "Value"; Value = "A1015"; VariantName = "[No Variations]"
Added Component: Designator=Q6(QTO-92)
Add component (AddParameter): Name = "Value"; Value = "A1015"; VariantName = "[No Variations]"
Added Component: Designator=Q7(QTO-92)
Add component (AddParameter): Name = "Value"; Value = "C1815"; VariantName = "[No Variations]"
Added Component: Designator=Q8(QTO-92)
Add component (AddParameter): Name = "Value"; Value = "C1815"; VariantName = "[No Variations]"
Added Component: Designator=Q9(QTO-92)
Add component (AddParameter): Name = "Value"; Value = "A1015"; VariantName = "[No Variations]"
Added Component: Designator=Q10(QTO-92)
Add component (AddParameter): Name = "Value"; Value = "A1015"; VariantName = "[No Variations]"
Added Component: Designator=Q11(QTO-92)
Add component (AddParameter): Name = "Value"; Value = "C1815"; VariantName = "[No Variations]"
Added Component: Designator=Q12(QTO-92)
Add component (AddParameter): Name = "Value"; Value = "C1815"; VariantName = "[No Variations]"
Added Component: Designator=Q13(QTO-92)
Add component (AddParameter): Name = "Value"; Value = "A1015"; VariantName = "[No Variations]"
Added Component: Designator=Q14(QTO-92)
Add component (AddParameter): Name = "Value"; Value = "A1015"; VariantName = "[No Variations]"
Added Component: Designator=Q15(QTO-92)
Add component (AddParameter): Name = "Value"; Value = "C1815"; VariantName = "[No Variations]"
Added Component: Designator=Q16(QTO-92)
Add component (AddParameter): Name = "Value"; Value = "C1815"; VariantName = "[No Variations]"
Added Component: Designator=R1(RES-1/4W-SMALL)
Add component (AddParameter): Name = "Value"; Value = "R1/4W - 1K"; VariantName = "[No Variations]"
Added Component: Designator=R2(RES-1/4W-SMALL)
Add component (AddParameter): Name = "Value"; Value = "R1/4W - 1K"; VariantName = "[No Variations]"
Added Component: Designator=R3(RES-1/4W-SMALL)
Add component (AddParameter): Name = "Value"; Value = "R1/4W - 1K"; VariantName = "[No Variations]"
Added Component: Designator=R4(RES-1/4W-SMALL)
Add component (AddParameter): Name = "Value"; Value = "R1/4W - 1K"; VariantName = "[No Variations]"
Added Component: Designator=R5(RES-1/4W-SMALL)
Add component (AddParameter): Name = "Value"; Value = "R1/4W - 1K"; VariantName = "[No Variations]"
Added Component: Designator=R6(RES-1/4W-SMALL)
Add component (AddParameter): Name = "Value"; Value = "R1/4W - 1K"; VariantName = "[No Variations]"
Added Component: Designator=R7(RES-1/4W-SMALL)
Add component (AddParameter): Name = "Value"; Value = "R1/4W - 1K"; VariantName = "[No Variations]"
Added Component: Designator=R8(RES-1/4W-SMALL)
Add component (AddParameter): Name = "Value"; Value = "R1/4W - 1K"; VariantName = "[No Variations]"
Added Component: Designator=R9(RES-1/4W-SMALL)
Add component (AddParameter): Name = "Value"; Value = "R1/4W - 1K"; VariantName = "[No Variations]"
Added Component: Designator=R10(RES-1/4W-SMALL)
Add component (AddParameter): Name = "Value"; Value = "R1/4W - 1K"; VariantName = "[No Variations]"
Added Component: Designator=R11(RES-1/4W-SMALL)
Add component (AddParameter): Name = "Value"; Value = "R1/4W - 1K"; VariantName = "[No Variations]"
Added Component: Designator=R12(RES-1/4W-SMALL)
Add component (AddParameter): Name = "Value"; Value = "R1/4W - 1K"; VariantName = "[No Variations]"
Added Component: Designator=R13(RES-1/4W-SMALL)
Add component (AddParameter): Name = "Value"; Value = "R1/4W - 1K"; VariantName = "[No Variations]"
Added Component: Designator=R14(RES-1/4W-SMALL)
Add component (AddParameter): Name = "Value"; Value = "R1/4W - 1K"; VariantName = "[No Variations]"
Added Component: Designator=R15(RES-1/4W-SMALL)
Add component (AddParameter): Name = "Value"; Value = "R1/4W - 1K"; VariantName = "[No Variations]"
Added Component: Designator=R16(RES-1/4W-SMALL)
Add component (AddParameter): Name = "Value"; Value = "R1/4W - 1K"; VariantName = "[No Variations]"
Added Component: Designator=R17(RES-1/4W-SMALL)
Add component (AddParameter): Name = "Value"; Value = "R1/4W - 1K"; VariantName = "[No Variations]"
Added Component: Designator=R18(RES-1/4W-SMALL)
Add component (AddParameter): Name = "Value"; Value = "R1/4W - 1K"; VariantName = "[No Variations]"
Added Component: Designator=R19(RES-1/4W-SMALL)
Add component (AddParameter): Name = "Value"; Value = "R1/4W - 1K"; VariantName = "[No Variations]"
Added Component: Designator=R20(RES-1/4W-SMALL)
Add component (AddParameter): Name = "Value"; Value = "R1/4W - 1K"; VariantName = "[No Variations]"
Added Component: Designator=R21(RES-1/4W-SMALL)
Add component (AddParameter): Name = "Value"; Value = "R1/4W - 1K"; VariantName = "[No Variations]"
Added Component: Designator=R22(RES-1/4W-SMALL)
Add component (AddParameter): Name = "Value"; Value = "R1/4W - 1K"; VariantName = "[No Variations]"
Added Component: Designator=R23(RES-1/4W-SMALL)
Add component (AddParameter): Name = "Value"; Value = "R1/4W - 1K"; VariantName = "[No Variations]"
Added Component: Designator=R24(RES-1/4W-SMALL)
Add component (AddParameter): Name = "Value"; Value = "R1/4W - 1K"; VariantName = "[No Variations]"
Added Component: Designator=R25(RES-1/4W-SMALL)
Add component (AddParameter): Name = "Value"; Value = "R1/4W - 1K"; VariantName = "[No Variations]"
Added Component: Designator=R26(RES-1/4W-SMALL)
Add component (AddParameter): Name = "Value"; Value = "R1/4W - 1K"; VariantName = "[No Variations]"
Added Component: Designator=R27(RES-1/4W-SMALL)
Add component (AddParameter): Name = "Value"; Value = "R1/4W - 1K"; VariantName = "[No Variations]"
Added Component: Designator=R28(RES-1/4W-SMALL)
Add component (AddParameter): Name = "Value"; Value = "R1/4W - 1K"; VariantName = "[No Variations]"
Added Component: Designator=R29(RES-1/4W-SMALL)
Add component (AddParameter): Name = "Value"; Value = "R1/4W - 1K"; VariantName = "[No Variations]"
Added Component: Designator=R30(RES-1/4W-SMALL)
Add component (AddParameter): Name = "Value"; Value = "R1/4W - 1K"; VariantName = "[No Variations]"
Added Component: Designator=R31(RES-1/4W-SMALL)
Add component (AddParameter): Name = "Value"; Value = "R1/4W - 1K"; VariantName = "[No Variations]"
Added Component: Designator=R32(RES-1/4W-SMALL)
Add component (AddParameter): Name = "Value"; Value = "R1/4W - 1K"; VariantName = "[No Variations]"
Added Component: Designator=R33(RES-1/4W-SMALL)
Add component (AddParameter): Name = "Value"; Value = "R1/4W - 1K"; VariantName = "[No Variations]"
Added Component: Designator=R34(RES-1/4W-SMALL)
Add component (AddParameter): Name = "Value"; Value = "R1/4W - 1K"; VariantName = "[No Variations]"
Added Component: Designator=R35(RES-1/4W-SMALL)
Add component (AddParameter): Name = "Value"; Value = "R1/4W - 1K"; VariantName = "[No Variations]"
Added Component: Designator=R36(RES-1/4W-SMALL)
Add component (AddParameter): Name = "Value"; Value = "R1/4W - 1K"; VariantName = "[No Variations]"
Added Component: Designator=R37(RES-1/4W-SMALL)
Add component (AddParameter): Name = "Value"; Value = "R1/4W - 1K"; VariantName = "[No Variations]"
Added Component: Designator=R38(RES-1/4W-SMALL)
Add component (AddParameter): Name = "Value"; Value = "R1/4W - 1K"; VariantName = "[No Variations]"
Added Component: Designator=R39(RES-1/4W-SMALL)
Add component (AddParameter): Name = "Value"; Value = "R1/4W - 1K"; VariantName = "[No Variations]"
Added Component: Designator=R40(RES-1/4W-SMALL)
Add component (AddParameter): Name = "Value"; Value = "R1/4W - 1K"; VariantName = "[No Variations]"
Added Component: Designator=R41(RES-1/4W-SMALL)
Add component (AddParameter): Name = "Value"; Value = "R1/4W - 1K"; VariantName = "[No Variations]"
Added Component: Designator=U1(TO220-123)
Added Component: Designator=U2(DIP16)
Add component (AddParameter): Name = "Code_JEDEC"; Value = "MS-001-BB"; VariantName = "[No Variations]"
Add component (AddParameter): Name = "ComponentLink1Description"; Value = "Manufacturer Link"; VariantName = "[No Variations]"
Add component (AddParameter): Name = "ComponentLink1URL"; Value = "http://www.onsemi.com/"; VariantName = "[No Variations]"
Add component (AddParameter): Name = "ComponentLink2Description"; Value = "Datasheet"; VariantName = "[No Variations]"
Add component (AddParameter): Name = "ComponentLink2URL"; Value = "http://www.onsemi.com/pub/Collateral/MC74HC595A-D.PDF"; VariantName = "[No Variations]"
Add component (AddParameter): Name = "DatasheetVersion"; Value = "Mar-2000"; VariantName = "[No Variations]"
Add component (AddParameter): Name = "PackageDescription"; Value = "DIP; 16 Leads; Row Spacing 7.62 mm; Pitch 2.54 mm"; VariantName = "[No Variations]"
Add component (AddParameter): Name = "PackageReference"; Value = "648-08"; VariantName = "[No Variations]"
Add component (AddParameter): Name = "PackageVersion"; Value = "Apr-2000"; VariantName = "[No Variations]"
Add component (AddParameter): Name = "Published"; Value = "15-Apr-2002"; VariantName = "[No Variations]"
Add component (AddParameter): Name = "Publisher"; Value = "Altium Limited"; VariantName = "[No Variations]"
Added Component: Designator=U3(DIP-20)
Added Component: Designator=U4(TO220-123)
Add component (AddParameter): Name = "Creator"; Value = "Nguyen Ba Bien"; VariantName = "[No Variations]"
Add component (AddParameter): Name = "Website"; Value = "http://group3i.net"; VariantName = "[No Variations]"
Added Component: Designator=U5(DIP16)
Add component (AddParameter): Name = "Code_JEDEC"; Value = "MS-001-BB"; VariantName = "[No Variations]"
Add component (AddParameter): Name = "ComponentLink1Description"; Value = "Manufacturer Link"; VariantName = "[No Variations]"
Add component (AddParameter): Name = "ComponentLink1URL"; Value = "http://www.onsemi.com/"; VariantName = "[No Variations]"
Add component (AddParameter): Name = "ComponentLink2Description"; Value = "Datasheet"; VariantName = "[No Variations]"
Add component (AddParameter): Name = "ComponentLink2URL"; Value = "http://www.onsemi.com/pub/Collateral/MC74HC595A-D.PDF"; VariantName = "[No Variations]"
Add component (AddParameter): Name = "DatasheetVersion"; Value = "Mar-2000"; VariantName = "[No Variations]"
Add component (AddParameter): Name = "PackageDescription"; Value = "DIP; 16 Leads; Row Spacing 7.62 mm; Pitch 2.54 mm"; VariantName = "[No Variations]"
Add component (AddParameter): Name = "PackageReference"; Value = "648-08"; VariantName = "[No Variations]"
Add component (AddParameter): Name = "PackageVersion"; Value = "Apr-2000"; VariantName = "[No Variations]"
Add component (AddParameter): Name = "Published"; Value = "15-Apr-2002"; VariantName = "[No Variations]"
Add component (AddParameter): Name = "Publisher"; Value = "Altium Limited"; VariantName = "[No Variations]"
Added Component: Designator=U6(DIP-20)
Added Component: Designator=U7(DIP16)
Add component (AddParameter): Name = "Code_JEDEC"; Value = "MS-001-BB"; VariantName = "[No Variations]"
Add component (AddParameter): Name = "ComponentLink1Description"; Value = "Manufacturer Link"; VariantName = "[No Variations]"
Add component (AddParameter): Name = "ComponentLink1URL"; Value = "http://www.onsemi.com/"; VariantName = "[No Variations]"
Add component (AddParameter): Name = "ComponentLink2Description"; Value = "Datasheet"; VariantName = "[No Variations]"
Add component (AddParameter): Name = "ComponentLink2URL"; Value = "http://www.onsemi.com/pub/Collateral/MC74HC595A-D.PDF"; VariantName = "[No Variations]"
Add component (AddParameter): Name = "DatasheetVersion"; Value = "Mar-2000"; VariantName = "[No Variations]"
Add component (AddParameter): Name = "PackageDescription"; Value = "DIP; 16 Leads; Row Spacing 7.62 mm; Pitch 2.54 mm"; VariantName = "[No Variations]"
Add component (AddParameter): Name = "PackageReference"; Value = "648-08"; VariantName = "[No Variations]"
Add component (AddParameter): Name = "PackageVersion"; Value = "Apr-2000"; VariantName = "[No Variations]"
Add component (AddParameter): Name = "Published"; Value = "15-Apr-2002"; VariantName = "[No Variations]"
Add component (AddParameter): Name = "Publisher"; Value = "Altium Limited"; VariantName = "[No Variations]"
Added Component: Designator=U8(DIP-20)
Added Pin To Net: NetName=+3V3 Pin=C5-1
Added Pin To Net: NetName=+3V3 Pin=U2-10
Added Pin To Net: NetName=+3V3 Pin=U2-16
Added Pin To Net: NetName=+3V3 Pin=U4-2
Added Pin To Net: NetName=+3V3 Pin=U5-10
Added Pin To Net: NetName=+3V3 Pin=U5-16
Added Pin To Net: NetName=+3V3 Pin=U7-10
Added Pin To Net: NetName=+3V3 Pin=U7-16
Added Net: Name=+3V3
Added Pin To Net: NetName=+5V Pin=C2-1
Added Pin To Net: NetName=+5V Pin=C4-2
Added Pin To Net: NetName=+5V Pin=Q1-1
Added Pin To Net: NetName=+5V Pin=Q2-1
Added Pin To Net: NetName=+5V Pin=Q5-1
Added Pin To Net: NetName=+5V Pin=Q6-1
Added Pin To Net: NetName=+5V Pin=Q9-1
Added Pin To Net: NetName=+5V Pin=Q10-1
Added Pin To Net: NetName=+5V Pin=Q13-1
Added Pin To Net: NetName=+5V Pin=Q14-1
Added Pin To Net: NetName=+5V Pin=R1-1
Added Pin To Net: NetName=+5V Pin=U1-3
Added Pin To Net: NetName=+5V Pin=U3-1
Added Pin To Net: NetName=+5V Pin=U3-20
Added Pin To Net: NetName=+5V Pin=U4-3
Added Pin To Net: NetName=+5V Pin=U6-1
Added Pin To Net: NetName=+5V Pin=U6-20
Added Pin To Net: NetName=+5V Pin=U8-1
Added Pin To Net: NetName=+5V Pin=U8-20
Added Net: Name=+5V
Added Pin To Net: NetName=B1 Pin=MT1-1
Added Pin To Net: NetName=B1 Pin=R23-2
Added Net: Name=B1
Added Pin To Net: NetName=B2 Pin=MT1-2
Added Pin To Net: NetName=B2 Pin=R27-2
Added Net: Name=B2
Added Pin To Net: NetName=B3 Pin=MT1-3
Added Pin To Net: NetName=B3 Pin=R29-2
Added Net: Name=B3
Added Pin To Net: NetName=B4 Pin=MT1-4
Added Pin To Net: NetName=B4 Pin=R33-2
Added Net: Name=B4
Added Pin To Net: NetName=B5 Pin=MT1-5
Added Pin To Net: NetName=B5 Pin=R35-2
Added Net: Name=B5
Added Pin To Net: NetName=B6 Pin=MT1-6
Added Pin To Net: NetName=B6 Pin=R37-2
Added Net: Name=B6
Added Pin To Net: NetName=B7 Pin=MT1-7
Added Pin To Net: NetName=B7 Pin=R39-2
Added Net: Name=B7
Added Pin To Net: NetName=B8 Pin=MT1-8
Added Pin To Net: NetName=B8 Pin=R41-2
Added Net: Name=B8
Added Pin To Net: NetName=B_Q0 Pin=R23-1
Added Pin To Net: NetName=B_Q0 Pin=U8-18
Added Net: Name=B_Q0
Added Pin To Net: NetName=B_Q1 Pin=R27-1
Added Pin To Net: NetName=B_Q1 Pin=U8-17
Added Net: Name=B_Q1
Added Pin To Net: NetName=B_Q2 Pin=R29-1
Added Pin To Net: NetName=B_Q2 Pin=U8-16
Added Net: Name=B_Q2
Added Pin To Net: NetName=B_Q3 Pin=R33-1
Added Pin To Net: NetName=B_Q3 Pin=U8-15
Added Net: Name=B_Q3
Added Pin To Net: NetName=B_Q4 Pin=R35-1
Added Pin To Net: NetName=B_Q4 Pin=U8-14
Added Net: Name=B_Q4
Added Pin To Net: NetName=B_Q5 Pin=R37-1
Added Pin To Net: NetName=B_Q5 Pin=U8-13
Added Net: Name=B_Q5
Added Pin To Net: NetName=B_Q6 Pin=R39-1
Added Pin To Net: NetName=B_Q6 Pin=U8-12
Added Net: Name=B_Q6
Added Pin To Net: NetName=B_Q7 Pin=R41-1
Added Pin To Net: NetName=B_Q7 Pin=U8-11
Added Net: Name=B_Q7
Added Pin To Net: NetName=DS Pin=KIT1-12
Added Pin To Net: NetName=DS Pin=U2-14
Added Net: Name=DS
Added Pin To Net: NetName=G1 Pin=MT1-28
Added Pin To Net: NetName=G1 Pin=R34-2
Added Net: Name=G1
Added Pin To Net: NetName=G2 Pin=MT1-27
Added Pin To Net: NetName=G2 Pin=R36-2
Added Net: Name=G2
Added Pin To Net: NetName=G3 Pin=MT1-26
Added Pin To Net: NetName=G3 Pin=R38-2
Added Net: Name=G3
Added Pin To Net: NetName=G4 Pin=MT1-25
Added Pin To Net: NetName=G4 Pin=R40-2
Added Net: Name=G4
Added Pin To Net: NetName=G5 Pin=MT1-24
Added Pin To Net: NetName=G5 Pin=R13-2
Added Net: Name=G5
Added Pin To Net: NetName=G6 Pin=MT1-23
Added Pin To Net: NetName=G6 Pin=R15-2
Added Net: Name=G6
Added Pin To Net: NetName=G7 Pin=MT1-22
Added Pin To Net: NetName=G7 Pin=R19-2
Added Net: Name=G7
Added Pin To Net: NetName=G8 Pin=MT1-21
Added Pin To Net: NetName=G8 Pin=R21-2
Added Net: Name=G8
Added Pin To Net: NetName=G_Q0 Pin=R34-1
Added Pin To Net: NetName=G_Q0 Pin=U6-18
Added Net: Name=G_Q0
Added Pin To Net: NetName=G_Q1 Pin=R36-1
Added Pin To Net: NetName=G_Q1 Pin=U6-17
Added Net: Name=G_Q1
Added Pin To Net: NetName=G_Q2 Pin=R38-1
Added Pin To Net: NetName=G_Q2 Pin=U6-16
Added Net: Name=G_Q2
Added Pin To Net: NetName=G_Q3 Pin=R40-1
Added Pin To Net: NetName=G_Q3 Pin=U6-15
Added Net: Name=G_Q3
Added Pin To Net: NetName=G_Q4 Pin=R13-1
Added Pin To Net: NetName=G_Q4 Pin=U6-14
Added Net: Name=G_Q4
Added Pin To Net: NetName=G_Q5 Pin=R15-1
Added Pin To Net: NetName=G_Q5 Pin=U6-13
Added Net: Name=G_Q5
Added Pin To Net: NetName=G_Q6 Pin=R19-1
Added Pin To Net: NetName=G_Q6 Pin=U6-12
Added Net: Name=G_Q6
Added Pin To Net: NetName=G_Q7S Pin=U5-9
Added Pin To Net: NetName=G_Q7S Pin=U7-14
Added Net: Name=G_Q7S
Added Pin To Net: NetName=G_Q7 Pin=R21-1
Added Pin To Net: NetName=G_Q7 Pin=U6-11
Added Net: Name=G_Q7
Added Pin To Net: NetName=GND Pin=C1-2
Added Pin To Net: NetName=GND Pin=C2-2
Added Pin To Net: NetName=GND Pin=C3-1
Added Pin To Net: NetName=GND Pin=C4-1
Added Pin To Net: NetName=GND Pin=C5-2
Added Pin To Net: NetName=GND Pin=JDC1-2
Added Pin To Net: NetName=GND Pin=JDC1-3
Added Pin To Net: NetName=GND Pin=KIT1-19
Added Pin To Net: NetName=GND Pin=KIT1-20
Added Pin To Net: NetName=GND Pin=LED1-2
Added Pin To Net: NetName=GND Pin=Q3-1
Added Pin To Net: NetName=GND Pin=Q4-1
Added Pin To Net: NetName=GND Pin=Q7-1
Added Pin To Net: NetName=GND Pin=Q8-1
Added Pin To Net: NetName=GND Pin=Q11-1
Added Pin To Net: NetName=GND Pin=Q12-1
Added Pin To Net: NetName=GND Pin=Q15-1
Added Pin To Net: NetName=GND Pin=Q16-1
Added Pin To Net: NetName=GND Pin=U2-8
Added Pin To Net: NetName=GND Pin=U2-13
Added Pin To Net: NetName=GND Pin=U3-10
Added Pin To Net: NetName=GND Pin=U3-19
Added Pin To Net: NetName=GND Pin=U4-1
Added Pin To Net: NetName=GND Pin=U5-8
Added Pin To Net: NetName=GND Pin=U5-13
Added Pin To Net: NetName=GND Pin=U6-10
Added Pin To Net: NetName=GND Pin=U6-19
Added Pin To Net: NetName=GND Pin=U7-8
Added Pin To Net: NetName=GND Pin=U7-13
Added Pin To Net: NetName=GND Pin=U8-10
Added Pin To Net: NetName=GND Pin=U8-19
Added Net: Name=GND
Added Pin To Net: NetName=NetC1_1 Pin=C1-1
Added Pin To Net: NetName=NetC1_1 Pin=C3-2
Added Pin To Net: NetName=NetC1_1 Pin=JDC1-1
Added Pin To Net: NetName=NetC1_1 Pin=U1-1
Added Net: Name=NetC1_1
Added Pin To Net: NetName=NetLED1_1 Pin=LED1-1
Added Pin To Net: NetName=NetLED1_1 Pin=R1-2
Added Net: Name=NetLED1_1
Added Pin To Net: NetName=NetQ1_3 Pin=Q1-3
Added Pin To Net: NetName=NetQ1_3 Pin=R2-2
Added Net: Name=NetQ1_3
Added Pin To Net: NetName=NetQ2_3 Pin=Q2-3
Added Pin To Net: NetName=NetQ2_3 Pin=R3-2
Added Net: Name=NetQ2_3
Added Pin To Net: NetName=NetQ3_2 Pin=Q3-2
Added Pin To Net: NetName=NetQ3_2 Pin=R2-1
Added Net: Name=NetQ3_2
Added Pin To Net: NetName=NetQ3_3 Pin=Q3-3
Added Pin To Net: NetName=NetQ3_3 Pin=R4-2
Added Net: Name=NetQ3_3
Added Pin To Net: NetName=NetQ4_2 Pin=Q4-2
Added Pin To Net: NetName=NetQ4_2 Pin=R3-1
Added Net: Name=NetQ4_2
Added Pin To Net: NetName=NetQ4_3 Pin=Q4-3
Added Pin To Net: NetName=NetQ4_3 Pin=R5-2
Added Net: Name=NetQ4_3
Added Pin To Net: NetName=NetQ5_3 Pin=Q5-3
Added Pin To Net: NetName=NetQ5_3 Pin=R6-2
Added Net: Name=NetQ5_3
Added Pin To Net: NetName=NetQ6_3 Pin=Q6-3
Added Pin To Net: NetName=NetQ6_3 Pin=R7-2
Added Net: Name=NetQ6_3
Added Pin To Net: NetName=NetQ7_2 Pin=Q7-2
Added Pin To Net: NetName=NetQ7_2 Pin=R6-1
Added Net: Name=NetQ7_2
Added Pin To Net: NetName=NetQ7_3 Pin=Q7-3
Added Pin To Net: NetName=NetQ7_3 Pin=R8-2
Added Net: Name=NetQ7_3
Added Pin To Net: NetName=NetQ8_2 Pin=Q8-2
Added Pin To Net: NetName=NetQ8_2 Pin=R7-1
Added Net: Name=NetQ8_2
Added Pin To Net: NetName=NetQ8_3 Pin=Q8-3
Added Pin To Net: NetName=NetQ8_3 Pin=R9-2
Added Net: Name=NetQ8_3
Added Pin To Net: NetName=NetQ9_3 Pin=Q9-3
Added Pin To Net: NetName=NetQ9_3 Pin=R10-2
Added Net: Name=NetQ9_3
Added Pin To Net: NetName=NetQ10_3 Pin=Q10-3
Added Pin To Net: NetName=NetQ10_3 Pin=R11-2
Added Net: Name=NetQ10_3
Added Pin To Net: NetName=NetQ11_2 Pin=Q11-2
Added Pin To Net: NetName=NetQ11_2 Pin=R10-1
Added Net: Name=NetQ11_2
Added Pin To Net: NetName=NetQ11_3 Pin=Q11-3
Added Pin To Net: NetName=NetQ11_3 Pin=R16-2
Added Net: Name=NetQ11_3
Added Pin To Net: NetName=NetQ12_2 Pin=Q12-2
Added Pin To Net: NetName=NetQ12_2 Pin=R11-1
Added Net: Name=NetQ12_2
Added Pin To Net: NetName=NetQ12_3 Pin=Q12-3
Added Pin To Net: NetName=NetQ12_3 Pin=R17-2
Added Net: Name=NetQ12_3
Added Pin To Net: NetName=NetQ13_3 Pin=Q13-3
Added Pin To Net: NetName=NetQ13_3 Pin=R24-2
Added Net: Name=NetQ13_3
Added Pin To Net: NetName=NetQ14_3 Pin=Q14-3
Added Pin To Net: NetName=NetQ14_3 Pin=R25-2
Added Net: Name=NetQ14_3
Added Pin To Net: NetName=NetQ15_2 Pin=Q15-2
Added Pin To Net: NetName=NetQ15_2 Pin=R24-1
Added Net: Name=NetQ15_2
Added Pin To Net: NetName=NetQ15_3 Pin=Q15-3
Added Pin To Net: NetName=NetQ15_3 Pin=R30-2
Added Net: Name=NetQ15_3
Added Pin To Net: NetName=NetQ16_2 Pin=Q16-2
Added Pin To Net: NetName=NetQ16_2 Pin=R25-1
Added Net: Name=NetQ16_2
Added Pin To Net: NetName=NetQ16_3 Pin=Q16-3
Added Pin To Net: NetName=NetQ16_3 Pin=R31-2
Added Net: Name=NetQ16_3
Added Pin To Net: NetName=NetU2_1 Pin=U2-1
Added Pin To Net: NetName=NetU2_1 Pin=U3-3
Added Net: Name=NetU2_1
Added Pin To Net: NetName=NetU2_2 Pin=U2-2
Added Pin To Net: NetName=NetU2_2 Pin=U3-4
Added Net: Name=NetU2_2
Added Pin To Net: NetName=NetU2_3 Pin=U2-3
Added Pin To Net: NetName=NetU2_3 Pin=U3-5
Added Net: Name=NetU2_3
Added Pin To Net: NetName=NetU2_4 Pin=U2-4
Added Pin To Net: NetName=NetU2_4 Pin=U3-6
Added Net: Name=NetU2_4
Added Pin To Net: NetName=NetU2_5 Pin=U2-5
Added Pin To Net: NetName=NetU2_5 Pin=U3-7
Added Net: Name=NetU2_5
Added Pin To Net: NetName=NetU2_6 Pin=U2-6
Added Pin To Net: NetName=NetU2_6 Pin=U3-8
Added Net: Name=NetU2_6
Added Pin To Net: NetName=NetU2_7 Pin=U2-7
Added Pin To Net: NetName=NetU2_7 Pin=U3-9
Added Net: Name=NetU2_7
Added Pin To Net: NetName=NetU2_15 Pin=U2-15
Added Pin To Net: NetName=NetU2_15 Pin=U3-2
Added Net: Name=NetU2_15
Added Pin To Net: NetName=NetU5_1 Pin=U5-1
Added Pin To Net: NetName=NetU5_1 Pin=U6-3
Added Net: Name=NetU5_1
Added Pin To Net: NetName=NetU5_2 Pin=U5-2
Added Pin To Net: NetName=NetU5_2 Pin=U6-4
Added Net: Name=NetU5_2
Added Pin To Net: NetName=NetU5_3 Pin=U5-3
Added Pin To Net: NetName=NetU5_3 Pin=U6-5
Added Net: Name=NetU5_3
Added Pin To Net: NetName=NetU5_4 Pin=U5-4
Added Pin To Net: NetName=NetU5_4 Pin=U6-6
Added Net: Name=NetU5_4
Added Pin To Net: NetName=NetU5_5 Pin=U5-5
Added Pin To Net: NetName=NetU5_5 Pin=U6-7
Added Net: Name=NetU5_5
Added Pin To Net: NetName=NetU5_6 Pin=U5-6
Added Pin To Net: NetName=NetU5_6 Pin=U6-8
Added Net: Name=NetU5_6
Added Pin To Net: NetName=NetU5_7 Pin=U5-7
Added Pin To Net: NetName=NetU5_7 Pin=U6-9
Added Net: Name=NetU5_7
Added Pin To Net: NetName=NetU5_15 Pin=U5-15
Added Pin To Net: NetName=NetU5_15 Pin=U6-2
Added Net: Name=NetU5_15
Added Pin To Net: NetName=NetU7_1 Pin=U7-1
Added Pin To Net: NetName=NetU7_1 Pin=U8-3
Added Net: Name=NetU7_1
Added Pin To Net: NetName=NetU7_2 Pin=U7-2
Added Pin To Net: NetName=NetU7_2 Pin=U8-4
Added Net: Name=NetU7_2
Added Pin To Net: NetName=NetU7_3 Pin=U7-3
Added Pin To Net: NetName=NetU7_3 Pin=U8-5
Added Net: Name=NetU7_3
Added Pin To Net: NetName=NetU7_4 Pin=U7-4
Added Pin To Net: NetName=NetU7_4 Pin=U8-6
Added Net: Name=NetU7_4
Added Pin To Net: NetName=NetU7_5 Pin=U7-5
Added Pin To Net: NetName=NetU7_5 Pin=U8-7
Added Net: Name=NetU7_5
Added Pin To Net: NetName=NetU7_6 Pin=U7-6
Added Pin To Net: NetName=NetU7_6 Pin=U8-8
Added Net: Name=NetU7_6
Added Pin To Net: NetName=NetU7_7 Pin=U7-7
Added Pin To Net: NetName=NetU7_7 Pin=U8-9
Added Net: Name=NetU7_7
Added Pin To Net: NetName=NetU7_15 Pin=U7-15
Added Pin To Net: NetName=NetU7_15 Pin=U8-2
Added Net: Name=NetU7_15
Added Pin To Net: NetName=R1 Pin=MT1-9
Added Pin To Net: NetName=R1 Pin=R12-2
Added Net: Name=R1
Added Pin To Net: NetName=R2 Pin=MT1-10
Added Pin To Net: NetName=R2 Pin=R14-2
Added Net: Name=R2
Added Pin To Net: NetName=R3 Pin=MT1-11
Added Pin To Net: NetName=R3 Pin=R18-2
Added Net: Name=R3
Added Pin To Net: NetName=R4 Pin=MT1-12
Added Pin To Net: NetName=R4 Pin=R20-2
Added Net: Name=R4
Added Pin To Net: NetName=R5 Pin=MT1-13
Added Pin To Net: NetName=R5 Pin=R22-2
Added Net: Name=R5
Added Pin To Net: NetName=R6 Pin=MT1-14
Added Pin To Net: NetName=R6 Pin=R26-2
Added Net: Name=R6
Added Pin To Net: NetName=R7 Pin=MT1-15
Added Pin To Net: NetName=R7 Pin=R28-2
Added Net: Name=R7
Added Pin To Net: NetName=R8 Pin=MT1-16
Added Pin To Net: NetName=R8 Pin=R32-2
Added Net: Name=R8
Added Pin To Net: NetName=R_Q0 Pin=R12-1
Added Pin To Net: NetName=R_Q0 Pin=U3-18
Added Net: Name=R_Q0
Added Pin To Net: NetName=R_Q1 Pin=R14-1
Added Pin To Net: NetName=R_Q1 Pin=U3-17
Added Net: Name=R_Q1
Added Pin To Net: NetName=R_Q2 Pin=R18-1
Added Pin To Net: NetName=R_Q2 Pin=U3-16
Added Net: Name=R_Q2
Added Pin To Net: NetName=R_Q3 Pin=R20-1
Added Pin To Net: NetName=R_Q3 Pin=U3-15
Added Net: Name=R_Q3
Added Pin To Net: NetName=R_Q4 Pin=R22-1
Added Pin To Net: NetName=R_Q4 Pin=U3-14
Added Net: Name=R_Q4
Added Pin To Net: NetName=R_Q5 Pin=R26-1
Added Pin To Net: NetName=R_Q5 Pin=U3-13
Added Net: Name=R_Q5
Added Pin To Net: NetName=R_Q6 Pin=R28-1
Added Pin To Net: NetName=R_Q6 Pin=U3-12
Added Net: Name=R_Q6
Added Pin To Net: NetName=R_Q7S Pin=U2-9
Added Pin To Net: NetName=R_Q7S Pin=U5-14
Added Net: Name=R_Q7S
Added Pin To Net: NetName=R_Q7 Pin=R32-1
Added Pin To Net: NetName=R_Q7 Pin=U3-11
Added Net: Name=R_Q7
Added Pin To Net: NetName=Row1 Pin=MT1-17
Added Pin To Net: NetName=Row1 Pin=Q1-2
Added Net: Name=Row1
Added Pin To Net: NetName=Row2 Pin=MT1-18
Added Pin To Net: NetName=Row2 Pin=Q5-2
Added Net: Name=Row2
Added Pin To Net: NetName=Row3 Pin=MT1-19
Added Pin To Net: NetName=Row3 Pin=Q9-2
Added Net: Name=Row3
Added Pin To Net: NetName=Row4 Pin=MT1-20
Added Pin To Net: NetName=Row4 Pin=Q13-2
Added Net: Name=Row4
Added Pin To Net: NetName=Row5 Pin=MT1-29
Added Pin To Net: NetName=Row5 Pin=Q2-2
Added Net: Name=Row5
Added Pin To Net: NetName=Row6 Pin=MT1-30
Added Pin To Net: NetName=Row6 Pin=Q6-2
Added Net: Name=Row6
Added Pin To Net: NetName=Row7 Pin=MT1-31
Added Pin To Net: NetName=Row7 Pin=Q10-2
Added Net: Name=Row7
Added Pin To Net: NetName=Row8 Pin=MT1-32
Added Pin To Net: NetName=Row8 Pin=Q14-2
Added Net: Name=Row8
Added Pin To Net: NetName=Rw1 Pin=KIT1-5
Added Pin To Net: NetName=Rw1 Pin=R4-1
Added Net: Name=Rw1
Added Pin To Net: NetName=Rw2 Pin=KIT1-6
Added Pin To Net: NetName=Rw2 Pin=R8-1
Added Net: Name=Rw2
Added Pin To Net: NetName=Rw3 Pin=KIT1-7
Added Pin To Net: NetName=Rw3 Pin=R16-1
Added Net: Name=Rw3
Added Pin To Net: NetName=Rw4 Pin=KIT1-8
Added Pin To Net: NetName=Rw4 Pin=R30-1
Added Net: Name=Rw4
Added Pin To Net: NetName=Rw5 Pin=KIT1-13
Added Pin To Net: NetName=Rw5 Pin=R5-1
Added Net: Name=Rw5
Added Pin To Net: NetName=Rw6 Pin=KIT1-14
Added Pin To Net: NetName=Rw6 Pin=R9-1
Added Net: Name=Rw6
Added Pin To Net: NetName=Rw7 Pin=KIT1-15
Added Pin To Net: NetName=Rw7 Pin=R17-1
Added Net: Name=Rw7
Added Pin To Net: NetName=Rw8 Pin=KIT1-16
Added Pin To Net: NetName=Rw8 Pin=R31-1
Added Net: Name=Rw8
Added Pin To Net: NetName=SHCP Pin=KIT1-10
Added Pin To Net: NetName=SHCP Pin=U2-11
Added Pin To Net: NetName=SHCP Pin=U5-11
Added Pin To Net: NetName=SHCP Pin=U7-11
Added Net: Name=SHCP
Added Pin To Net: NetName=STCP Pin=KIT1-11
Added Pin To Net: NetName=STCP Pin=U2-12
Added Pin To Net: NetName=STCP Pin=U5-12
Added Pin To Net: NetName=STCP Pin=U7-12
Added Net: Name=STCP
Added Class: Name=Sheet1
Added Room: Name=Sheet1
