Replace Part C1 CP4 in C:\Users\Public\Documents\Altium\Projects\MusicSpectrumAnalyzer\Sheet1.SchDoc with CP4 from KhanhBK_Library_4.IntLib
Replace Part C2 CP4 in C:\Users\Public\Documents\Altium\Projects\MusicSpectrumAnalyzer\Sheet1.SchDoc with CP4 from KhanhBK_Library_4.IntLib
Replace Part C3 CN2 in C:\Users\Public\Documents\Altium\Projects\MusicSpectrumAnalyzer\Sheet1.SchDoc with CN2 from KhanhBK_SCH_Library_2.SchLib
Replace Part C4 CN2 in C:\Users\Public\Documents\Altium\Projects\MusicSpectrumAnalyzer\Sheet1.SchDoc with CN2 from KhanhBK_SCH_Library_2.SchLib
Replace Part D1 Diode Standard in C:\Users\Public\Documents\Altium\Projects\MusicSpectrumAnalyzer\Sheet1.SchDoc with Diode Standard from KhanhBK_Library_4.IntLib
Replace Part JDC1 DCIN in C:\Users\Public\Documents\Altium\Projects\MusicSpectrumAnalyzer\Sheet1.SchDoc with DCIN from KhanhBK_SCH_Library_2.SchLib
Replace Part KIT1 Kit STM32F103C8T6 blue pill in C:\Users\Public\Documents\Altium\Projects\MusicSpectrumAnalyzer\Sheet1.SchDoc with Kit STM32F103C8T6 blue pill from Schlib1.SchLib
Replace Part LED1 LED in C:\Users\Public\Documents\Altium\Projects\MusicSpectrumAnalyzer\Sheet1.SchDoc with LED from KhanhBK_SCH_Library_2.SchLib
Replace Part MT1 LED 8x8 RGB in C:\Users\Public\Documents\Altium\Projects\MusicSpectrumAnalyzer\Sheet1.SchDoc with LED 8x8 RGB from Schlib1.SchLib
Replace Part Q1 PNP_ECB in C:\Users\Public\Documents\Altium\Projects\MusicSpectrumAnalyzer\Sheet1.SchDoc with PNP_ECB from KhanhBK_SCH_Library_2.SchLib
Replace Part Q2 PNP_ECB in C:\Users\Public\Documents\Altium\Projects\MusicSpectrumAnalyzer\Sheet1.SchDoc with PNP_ECB from KhanhBK_SCH_Library_2.SchLib
Replace Part Q3 NPN_ECB in C:\Users\Public\Documents\Altium\Projects\MusicSpectrumAnalyzer\Sheet1.SchDoc with NPN_ECB from KhanhBK_SCH_Library_2.SchLib
Replace Part Q4 NPN_ECB in C:\Users\Public\Documents\Altium\Projects\MusicSpectrumAnalyzer\Sheet1.SchDoc with NPN_ECB from KhanhBK_SCH_Library_2.SchLib
Replace Part Q5 PNP_ECB in C:\Users\Public\Documents\Altium\Projects\MusicSpectrumAnalyzer\Sheet1.SchDoc with PNP_ECB from KhanhBK_SCH_Library_2.SchLib
Replace Part Q6 PNP_ECB in C:\Users\Public\Documents\Altium\Projects\MusicSpectrumAnalyzer\Sheet1.SchDoc with PNP_ECB from KhanhBK_SCH_Library_2.SchLib
Replace Part Q7 NPN_ECB in C:\Users\Public\Documents\Altium\Projects\MusicSpectrumAnalyzer\Sheet1.SchDoc with NPN_ECB from KhanhBK_SCH_Library_2.SchLib
Replace Part Q8 NPN_ECB in C:\Users\Public\Documents\Altium\Projects\MusicSpectrumAnalyzer\Sheet1.SchDoc with NPN_ECB from KhanhBK_SCH_Library_2.SchLib
Replace Part Q9 PNP_ECB in C:\Users\Public\Documents\Altium\Projects\MusicSpectrumAnalyzer\Sheet1.SchDoc with PNP_ECB from KhanhBK_SCH_Library_2.SchLib
Replace Part Q10 PNP_ECB in C:\Users\Public\Documents\Altium\Projects\MusicSpectrumAnalyzer\Sheet1.SchDoc with PNP_ECB from KhanhBK_SCH_Library_2.SchLib
Replace Part Q11 NPN_ECB in C:\Users\Public\Documents\Altium\Projects\MusicSpectrumAnalyzer\Sheet1.SchDoc with NPN_ECB from KhanhBK_SCH_Library_2.SchLib
Replace Part Q12 NPN_ECB in C:\Users\Public\Documents\Altium\Projects\MusicSpectrumAnalyzer\Sheet1.SchDoc with NPN_ECB from KhanhBK_SCH_Library_2.SchLib
Replace Part Q13 PNP_ECB in C:\Users\Public\Documents\Altium\Projects\MusicSpectrumAnalyzer\Sheet1.SchDoc with PNP_ECB from KhanhBK_SCH_Library_2.SchLib
Replace Part Q14 PNP_ECB in C:\Users\Public\Documents\Altium\Projects\MusicSpectrumAnalyzer\Sheet1.SchDoc with PNP_ECB from KhanhBK_SCH_Library_2.SchLib
Replace Part Q15 NPN_ECB in C:\Users\Public\Documents\Altium\Projects\MusicSpectrumAnalyzer\Sheet1.SchDoc with NPN_ECB from KhanhBK_SCH_Library_2.SchLib
Replace Part Q16 NPN_ECB in C:\Users\Public\Documents\Altium\Projects\MusicSpectrumAnalyzer\Sheet1.SchDoc with NPN_ECB from KhanhBK_SCH_Library_2.SchLib
Replace Part R1 RES 1/4W in C:\Users\Public\Documents\Altium\Projects\MusicSpectrumAnalyzer\Sheet1.SchDoc with RES 1/4W from KhanhBK_SCH_Library_2.SchLib
Replace Part R2 RES 1/4W in C:\Users\Public\Documents\Altium\Projects\MusicSpectrumAnalyzer\Sheet1.SchDoc with RES 1/4W from KhanhBK_SCH_Library_2.SchLib
Replace Part R3 RES 1/4W in C:\Users\Public\Documents\Altium\Projects\MusicSpectrumAnalyzer\Sheet1.SchDoc with RES 1/4W from KhanhBK_SCH_Library_2.SchLib
Replace Part R4 RES 1/4W in C:\Users\Public\Documents\Altium\Projects\MusicSpectrumAnalyzer\Sheet1.SchDoc with RES 1/4W from KhanhBK_SCH_Library_2.SchLib
Replace Part R5 RES 1/4W in C:\Users\Public\Documents\Altium\Projects\MusicSpectrumAnalyzer\Sheet1.SchDoc with RES 1/4W from KhanhBK_SCH_Library_2.SchLib
Replace Part R6 RES 1/4W in C:\Users\Public\Documents\Altium\Projects\MusicSpectrumAnalyzer\Sheet1.SchDoc with RES 1/4W from KhanhBK_SCH_Library_2.SchLib
Replace Part R7 RES 1/4W in C:\Users\Public\Documents\Altium\Projects\MusicSpectrumAnalyzer\Sheet1.SchDoc with RES 1/4W from KhanhBK_SCH_Library_2.SchLib
Replace Part R8 RES 1/4W in C:\Users\Public\Documents\Altium\Projects\MusicSpectrumAnalyzer\Sheet1.SchDoc with RES 1/4W from KhanhBK_SCH_Library_2.SchLib
Replace Part R9 RES 1/4W in C:\Users\Public\Documents\Altium\Projects\MusicSpectrumAnalyzer\Sheet1.SchDoc with RES 1/4W from KhanhBK_SCH_Library_2.SchLib
Replace Part R10 RES 1/4W in C:\Users\Public\Documents\Altium\Projects\MusicSpectrumAnalyzer\Sheet1.SchDoc with RES 1/4W from KhanhBK_SCH_Library_2.SchLib
Replace Part R11 RES 1/4W in C:\Users\Public\Documents\Altium\Projects\MusicSpectrumAnalyzer\Sheet1.SchDoc with RES 1/4W from KhanhBK_SCH_Library_2.SchLib
Replace Part R12 RES 1/4W in C:\Users\Public\Documents\Altium\Projects\MusicSpectrumAnalyzer\Sheet1.SchDoc with RES 1/4W from KhanhBK_SCH_Library_2.SchLib
Replace Part R13 RES 1/4W in C:\Users\Public\Documents\Altium\Projects\MusicSpectrumAnalyzer\Sheet1.SchDoc with RES 1/4W from KhanhBK_SCH_Library_2.SchLib
Replace Part R14 RES 1/4W in C:\Users\Public\Documents\Altium\Projects\MusicSpectrumAnalyzer\Sheet1.SchDoc with RES 1/4W from KhanhBK_SCH_Library_2.SchLib
Replace Part R15 RES 1/4W in C:\Users\Public\Documents\Altium\Projects\MusicSpectrumAnalyzer\Sheet1.SchDoc with RES 1/4W from KhanhBK_SCH_Library_2.SchLib
Replace Part R16 RES 1/4W in C:\Users\Public\Documents\Altium\Projects\MusicSpectrumAnalyzer\Sheet1.SchDoc with RES 1/4W from KhanhBK_SCH_Library_2.SchLib
Replace Part R17 RES 1/4W in C:\Users\Public\Documents\Altium\Projects\MusicSpectrumAnalyzer\Sheet1.SchDoc with RES 1/4W from KhanhBK_SCH_Library_2.SchLib
Replace Part R18 RES 1/4W in C:\Users\Public\Documents\Altium\Projects\MusicSpectrumAnalyzer\Sheet1.SchDoc with RES 1/4W from KhanhBK_SCH_Library_2.SchLib
Replace Part R19 RES 1/4W in C:\Users\Public\Documents\Altium\Projects\MusicSpectrumAnalyzer\Sheet1.SchDoc with RES 1/4W from KhanhBK_SCH_Library_2.SchLib
Replace Part R20 RES 1/4W in C:\Users\Public\Documents\Altium\Projects\MusicSpectrumAnalyzer\Sheet1.SchDoc with RES 1/4W from KhanhBK_SCH_Library_2.SchLib
Replace Part R21 RES 1/4W in C:\Users\Public\Documents\Altium\Projects\MusicSpectrumAnalyzer\Sheet1.SchDoc with RES 1/4W from KhanhBK_SCH_Library_2.SchLib
Replace Part R22 RES 1/4W in C:\Users\Public\Documents\Altium\Projects\MusicSpectrumAnalyzer\Sheet1.SchDoc with RES 1/4W from KhanhBK_SCH_Library_2.SchLib
Replace Part R23 RES 1/4W in C:\Users\Public\Documents\Altium\Projects\MusicSpectrumAnalyzer\Sheet1.SchDoc with RES 1/4W from KhanhBK_SCH_Library_2.SchLib
Replace Part R24 RES 1/4W in C:\Users\Public\Documents\Altium\Projects\MusicSpectrumAnalyzer\Sheet1.SchDoc with RES 1/4W from KhanhBK_SCH_Library_2.SchLib
Replace Part R25 RES 1/4W in C:\Users\Public\Documents\Altium\Projects\MusicSpectrumAnalyzer\Sheet1.SchDoc with RES 1/4W from KhanhBK_SCH_Library_2.SchLib
Replace Part R26 RES 1/4W in C:\Users\Public\Documents\Altium\Projects\MusicSpectrumAnalyzer\Sheet1.SchDoc with RES 1/4W from KhanhBK_SCH_Library_2.SchLib
Replace Part R27 RES 1/4W in C:\Users\Public\Documents\Altium\Projects\MusicSpectrumAnalyzer\Sheet1.SchDoc with RES 1/4W from KhanhBK_SCH_Library_2.SchLib
Replace Part R28 RES 1/4W in C:\Users\Public\Documents\Altium\Projects\MusicSpectrumAnalyzer\Sheet1.SchDoc with RES 1/4W from KhanhBK_SCH_Library_2.SchLib
Replace Part R29 RES 1/4W in C:\Users\Public\Documents\Altium\Projects\MusicSpectrumAnalyzer\Sheet1.SchDoc with RES 1/4W from KhanhBK_SCH_Library_2.SchLib
Replace Part R30 RES 1/4W in C:\Users\Public\Documents\Altium\Projects\MusicSpectrumAnalyzer\Sheet1.SchDoc with RES 1/4W from KhanhBK_SCH_Library_2.SchLib
Replace Part R31 RES 1/4W in C:\Users\Public\Documents\Altium\Projects\MusicSpectrumAnalyzer\Sheet1.SchDoc with RES 1/4W from KhanhBK_SCH_Library_2.SchLib
Replace Part R32 RES 1/4W in C:\Users\Public\Documents\Altium\Projects\MusicSpectrumAnalyzer\Sheet1.SchDoc with RES 1/4W from KhanhBK_SCH_Library_2.SchLib
Replace Part R33 RES 1/4W in C:\Users\Public\Documents\Altium\Projects\MusicSpectrumAnalyzer\Sheet1.SchDoc with RES 1/4W from KhanhBK_SCH_Library_2.SchLib
Replace Part R34 RES 1/4W in C:\Users\Public\Documents\Altium\Projects\MusicSpectrumAnalyzer\Sheet1.SchDoc with RES 1/4W from KhanhBK_SCH_Library_2.SchLib
Replace Part R35 RES 1/4W in C:\Users\Public\Documents\Altium\Projects\MusicSpectrumAnalyzer\Sheet1.SchDoc with RES 1/4W from KhanhBK_SCH_Library_2.SchLib
Replace Part R36 RES 1/4W in C:\Users\Public\Documents\Altium\Projects\MusicSpectrumAnalyzer\Sheet1.SchDoc with RES 1/4W from KhanhBK_SCH_Library_2.SchLib
Replace Part R37 RES 1/4W in C:\Users\Public\Documents\Altium\Projects\MusicSpectrumAnalyzer\Sheet1.SchDoc with RES 1/4W from KhanhBK_SCH_Library_2.SchLib
Replace Part R38 RES 1/4W in C:\Users\Public\Documents\Altium\Projects\MusicSpectrumAnalyzer\Sheet1.SchDoc with RES 1/4W from KhanhBK_SCH_Library_2.SchLib
Replace Part R39 RES 1/4W in C:\Users\Public\Documents\Altium\Projects\MusicSpectrumAnalyzer\Sheet1.SchDoc with RES 1/4W from KhanhBK_SCH_Library_2.SchLib
Replace Part R40 RES 1/4W in C:\Users\Public\Documents\Altium\Projects\MusicSpectrumAnalyzer\Sheet1.SchDoc with RES 1/4W from KhanhBK_SCH_Library_2.SchLib
Replace Part R41 RES 1/4W in C:\Users\Public\Documents\Altium\Projects\MusicSpectrumAnalyzer\Sheet1.SchDoc with RES 1/4W from KhanhBK_SCH_Library_2.SchLib
Replace Part U1 LM7815 in C:\Users\Public\Documents\Altium\Projects\MusicSpectrumAnalyzer\Sheet1.SchDoc with LM7815 from KhanhBK_SCH_Lib_5.SchLib
Replace Part U2 74HC595 in C:\Users\Public\Documents\Altium\Projects\MusicSpectrumAnalyzer\Sheet1.SchDoc with 74HC595 from Devzone_SCHLib.SchLib
Replace Part U3 74HC595 in C:\Users\Public\Documents\Altium\Projects\MusicSpectrumAnalyzer\Sheet1.SchDoc with 74HC595 from Devzone_SCHLib.SchLib
Replace Part U4 74HC595 in C:\Users\Public\Documents\Altium\Projects\MusicSpectrumAnalyzer\Sheet1.SchDoc with 74HC595 from Devzone_SCHLib.SchLib
